<?xml version="1.0" encoding="UTF-8"?>
<testsuite name="app.ConversionTest" tests="2" skipped="0" failures="0" errors="0" timestamp="2020-09-13T17:57:26" hostname="DESKTOP-9DBPSRC" time="0.026">
  <properties/>
  <testcase name="toMillimetersTest1()" classname="app.ConversionTest" time="0.024"/>
  <testcase name="toMillimetersTest2()" classname="app.ConversionTest" time="0.001"/>
  <system-out><![CDATA[Conversao de metros inteiros para milimetros
Conversao de metros inteiros para milimetros
]]></system-out>
  <system-err><![CDATA[]]></system-err>
</testsuite>
